<?xml version="1.0" encoding="UTF-8"?>
<!-- Generated by org.testng.reporters.JUnitReportReporter -->
<testsuite hostname="LIN-5CG13827YK" failures="0" tests="9" name="api.test.TestUser2_routeConfig" time="12.828" errors="0" timestamp="2024-08-02T15:54:35 IST" skipped="0">
  <testcase classname="api.test.TestUser2_routeConfig" name="userData_setup" time="1.234"/>
  <system-out/>
  <testcase classname="api.test.TestUser2_routeConfig" name="userData_setup" time="2.955"/>
  <system-out/>
  <testcase classname="api.test.TestUser2_routeConfig" name="userData_setup" time="1.228"/>
  <system-out/>
  <testcase classname="api.test.TestUser2_routeConfig" name="testReadUser" time="1.249"/>
  <system-out/>
  <testcase classname="api.test.TestUser2_routeConfig" name="testReadUser" time="1.243"/>
  <system-out/>
  <testcase classname="api.test.TestUser2_routeConfig" name="testReadUser" time="1.239"/>
  <system-out/>
  <testcase classname="api.test.TestUser2_routeConfig" name="testDeleteUser" time="1.230"/>
  <system-out/>
  <testcase classname="api.test.TestUser2_routeConfig" name="testDeleteUser" time="1.218"/>
  <system-out/>
  <testcase classname="api.test.TestUser2_routeConfig" name="testDeleteUser" time="1.232"/>
  <system-out/>
</testsuite> <!-- api.test.TestUser2_routeConfig -->
