<?xml version="1.0" encoding="UTF-8"?>
<!-- Generated by org.testng.reporters.JUnitReportReporter -->
<testsuite hostname="LIN-5CG13827YK" failures="0" tests="4" name="api.test.TestUser" time="6.649" errors="0" timestamp="2024-08-01T15:18:56 IST" skipped="0">
  <testcase classname="api.test.TestUser" name="testPostUser" time="3.024"/>
  <system-out/>
  <testcase classname="api.test.TestUser" name="testReadUser" time="1.228"/>
  <system-out/>
  <testcase classname="api.test.TestUser" name="testUpdateUser" time="1.201"/>
  <system-out/>
  <testcase classname="api.test.TestUser" name="testDeleteUser" time="1.196"/>
  <system-out/>
</testsuite> <!-- api.test.TestUser -->
