<?xml version="1.0" encoding="UTF-8"?>
<!-- Generated by org.testng.reporters.JUnitReportReporter -->
<testsuite hostname="LIN-5CG13827YK" failures="0" tests="9" name="api.test.TestUser2_routeConfig" time="12.893" errors="0" timestamp="2024-08-02T16:02:05 IST" skipped="0">
  <testcase classname="api.test.TestUser2_routeConfig" name="userData_setup" time="2.969"/>
  <testcase classname="api.test.TestUser2_routeConfig" name="userData_setup" time="1.235"/>
  <testcase classname="api.test.TestUser2_routeConfig" name="userData_setup" time="1.236"/>
  <testcase classname="api.test.TestUser2_routeConfig" name="testReadUser" time="1.226"/>
  <testcase classname="api.test.TestUser2_routeConfig" name="testReadUser" time="1.263"/>
  <testcase classname="api.test.TestUser2_routeConfig" name="testReadUser" time="1.240"/>
  <testcase classname="api.test.TestUser2_routeConfig" name="testDeleteUser" time="1.243"/>
  <testcase classname="api.test.TestUser2_routeConfig" name="testDeleteUser" time="1.242"/>
  <testcase classname="api.test.TestUser2_routeConfig" name="testDeleteUser" time="1.239"/>
</testsuite> <!-- api.test.TestUser2_routeConfig -->
